<?xml version="1.0" encoding="UTF-8"?>
<testng-results ignored="0" total="1" passed="1" failed="0" skipped="0">
  <reporter-output>
  </reporter-output>
  <suite started-at="2025-01-27T10:43:58 IST" name="Default suite" finished-at="2025-01-27T10:44:08 IST" duration-ms="9830">
    <groups>
    </groups>
    <test started-at="2025-01-27T10:43:58 IST" name="Default test" finished-at="2025-01-27T10:44:08 IST" duration-ms="9830">
      <class name="TesPck.TestRun">
        <test-method is-config="true" signature="fileLoad()[pri:0, instance:TesPck.TestRun@1e1a0406]" started-at="2025-01-27T10:43:59 IST" name="fileLoad" finished-at="2025-01-27T10:43:59 IST" duration-ms="52" status="PASS">
          <reporter-output>
          </reporter-output>
        </test-method> <!-- fileLoad -->
        <test-method signature="checkDupliacteValuesInDropdown()[pri:0, instance:TesPck.TestRun@1e1a0406]" started-at="2025-01-27T10:43:59 IST" name="checkDupliacteValuesInDropdown" finished-at="2025-01-27T10:44:08 IST" duration-ms="9527" status="PASS">
          <reporter-output>
          </reporter-output>
        </test-method> <!-- checkDupliacteValuesInDropdown -->
      </class> <!-- TesPck.TestRun -->
    </test> <!-- Default test -->
  </suite> <!-- Default suite -->
</testng-results>
